2020-02-21 15:17:31 INFO  PluginTasksProjectComponent.projectOpened(77) - ---------- Project opened ----------
2020-02-21 15:17:31 INFO  PluginTasksProjectComponent.projectOpened(78) - ---------- Version 3.38 ----------

2020-02-21 15:17:31 INFO  PluginTasksProjectComponent.setAutoscrolls(366) - Autoscrolls successfully set
2020-02-21 15:17:34 INFO  ApacheHttpClient.isSessionAppropriateWithSecretKey(583) - The session is not set in the property file.
2020-02-21 15:17:34 INFO  ApacheHttpClient.login(249) - Waiting for server response.
2020-02-21 15:17:35 INFO  ApacheHttpClient.login(249) - Waiting for server response.
2020-02-21 15:17:35 INFO  ApacheHttpClient.login(249) - Waiting for server response.
2020-02-21 15:17:35 INFO  ApacheHttpClient.login(249) - Waiting for server response.
2020-02-21 15:17:35 INFO  ApacheHttpClient.login(253) - responseCode = 200
2020-02-21 15:17:35 INFO  ApacheHttpClient.login(276) - JSESSIONID OK
2020-02-21 15:17:35 INFO  ApacheHttpClient.refreshUserInfo(304) - responseCode = 200
2020-02-21 15:17:35 INFO  ApacheHttpClient.refreshUserInfo(310) - User information received.
2020-02-21 15:17:35 INFO  ApacheHttpClient.startGA(35) - GAService started.
2020-02-21 15:17:35 INFO  AbstractRestApiClient.startService(71) - EventsService started.
2020-02-21 15:18:25 INFO  ApacheHttpClient.getWebResourceAsStream(496) - responseCode = 200
2020-02-21 15:18:26 INFO  ApacheHttpClient.getFilteredTasks(335) - responseCode = 200
2020-02-21 15:18:33 INFO  ApacheHttpClient.getFilteredTasks(335) - responseCode = 200
2020-02-21 15:18:41 INFO  ApacheHttpClient.getTaskTemplateInfo(352) - responseCode = 200
2020-02-21 15:18:49 INFO  ApacheHttpClient.getWebResourceAsStream(496) - responseCode = 200
2020-02-21 15:19:36 INFO  ApacheHttpClient.sendEvent(529) - responseCode = 200
2020-02-21 15:20:36 INFO  ApacheHttpClient.sendEvent(529) - responseCode = 200
2020-02-21 15:22:00 INFO  ApacheHttpClient.sendEvent(529) - responseCode = 200
2020-02-21 15:22:36 INFO  ApacheHttpClient.sendEvent(529) - responseCode = 200
2020-02-21 15:23:36 INFO  ApacheHttpClient.sendEvent(529) - responseCode = 200
2020-02-21 15:24:36 INFO  ApacheHttpClient.sendEvent(529) - responseCode = 200
2020-02-21 15:25:40 INFO  ApacheHttpClient.sendEvent(529) - responseCode = 200
2020-02-21 15:26:36 INFO  ApacheHttpClient.sendEvent(529) - responseCode = 200
2020-02-21 15:27:36 INFO  ApacheHttpClient.sendEvent(529) - responseCode = 200
2020-02-21 15:28:35 INFO  ApacheHttpClient.sendEvent(529) - responseCode = 200
2020-02-21 15:29:36 INFO  ApacheHttpClient.sendEvent(529) - responseCode = 200
2020-02-21 15:30:36 INFO  ApacheHttpClient.sendEvent(529) - responseCode = 200
2020-02-21 15:31:36 INFO  ApacheHttpClient.sendEvent(529) - responseCode = 200
2020-02-21 15:32:36 INFO  ApacheHttpClient.sendEvent(529) - responseCode = 200
2020-02-21 15:33:36 INFO  ApacheHttpClient.sendEvent(529) - responseCode = 200
2020-02-21 15:34:36 INFO  ApacheHttpClient.sendEvent(529) - responseCode = 200
2020-02-21 15:34:50 INFO  ApacheHttpClient.getWebResourceAsStream(496) - responseCode = 200
2020-02-21 15:34:50 INFO  ApacheHttpClient.getTask(482) - responseCode = 200
2020-02-21 15:34:52 INFO  ApacheHttpClient.getWebResourceAsStream(496) - responseCode = 200
2020-02-21 15:34:55 INFO  ApacheHttpClient.completed(28) - responseCode = 200
2020-02-21 15:35:36 INFO  ApacheHttpClient.sendEvent(529) - responseCode = 200
2020-02-21 15:36:36 INFO  ApacheHttpClient.sendEvent(529) - responseCode = 200
2020-02-21 15:37:36 INFO  ApacheHttpClient.getWebResourceAsStream(496) - responseCode = 200
2020-02-21 15:37:36 INFO  ApacheHttpClient.sendEvent(529) - responseCode = 200
2020-02-21 15:37:36 INFO  ApacheHttpClient.getTask(482) - responseCode = 200
2020-02-21 15:37:38 INFO  ApacheHttpClient.getWebResourceAsStream(496) - responseCode = 200
2020-02-21 15:37:40 INFO  ApacheHttpClient.completed(28) - responseCode = 200
2020-02-21 15:38:35 INFO  ApacheHttpClient.sendEvent(529) - responseCode = 200
2020-02-21 15:39:36 INFO  ApacheHttpClient.sendEvent(529) - responseCode = 200
2020-02-21 15:40:36 INFO  ApacheHttpClient.sendEvent(529) - responseCode = 200
2020-02-21 15:41:32 INFO  ApacheHttpClient.getWebResourceAsStream(496) - responseCode = 200
2020-02-21 15:41:33 INFO  ApacheHttpClient.getWebResourceAsStream(496) - responseCode = 200
2020-02-21 15:41:33 INFO  ApacheHttpClient.getTask(482) - responseCode = 200
2020-02-21 15:41:36 INFO  ApacheHttpClient.sendEvent(529) - responseCode = 200
2020-02-21 15:41:38 INFO  ApacheHttpClient.completed(28) - responseCode = 200
2020-02-21 15:42:35 INFO  ApacheHttpClient.sendEvent(529) - responseCode = 200
2020-02-21 15:43:36 INFO  ApacheHttpClient.sendEvent(529) - responseCode = 200
2020-02-21 15:44:36 INFO  ApacheHttpClient.sendEvent(529) - responseCode = 200
2020-02-21 15:45:36 INFO  ApacheHttpClient.sendEvent(529) - responseCode = 200
2020-02-21 15:46:36 INFO  ApacheHttpClient.sendEvent(529) - responseCode = 200
2020-02-21 15:47:36 INFO  ApacheHttpClient.sendEvent(529) - responseCode = 200
2020-02-21 15:48:36 INFO  ApacheHttpClient.sendEvent(529) - responseCode = 200
2020-02-21 15:49:36 INFO  ApacheHttpClient.sendEvent(529) - responseCode = 200
2020-02-21 15:50:36 INFO  ApacheHttpClient.sendEvent(529) - responseCode = 200
2020-02-21 15:51:36 INFO  ApacheHttpClient.sendEvent(529) - responseCode = 200
2020-02-21 15:52:36 INFO  ApacheHttpClient.sendEvent(529) - responseCode = 200
2020-02-21 15:53:36 INFO  ApacheHttpClient.sendEvent(529) - responseCode = 200
2020-02-21 15:54:35 INFO  ApacheHttpClient.sendEvent(529) - responseCode = 200
2020-02-21 15:55:36 INFO  ApacheHttpClient.sendEvent(529) - responseCode = 200
2020-02-21 15:56:36 INFO  ApacheHttpClient.sendEvent(529) - responseCode = 200
2020-02-21 15:57:36 INFO  ApacheHttpClient.sendEvent(529) - responseCode = 200
2020-02-21 15:59:20 ERROR ApacheHttpClient.processExceptionSendEvent(109) - (super) : Error while sending the event to the server.
2020-02-21 15:59:35 ERROR ApacheHttpClient.processExceptionSendEvent(109) - (super) : Error while sending the event to the server.
2020-02-21 16:00:35 ERROR ApacheHttpClient.processExceptionSendEvent(109) - (super) : Error while sending the event to the server.
2020-02-21 16:01:35 ERROR ApacheHttpClient.processExceptionSendEvent(109) - (super) : Error while sending the event to the server.
2020-02-21 16:02:35 ERROR ApacheHttpClient.processExceptionSendEvent(109) - (super) : Error while sending the event to the server.
2020-02-21 16:03:35 ERROR ApacheHttpClient.processExceptionSendEvent(109) - (super) : Error while sending the event to the server.
2020-02-21 16:04:35 ERROR ApacheHttpClient.processExceptionSendEvent(109) - (super) : Error while sending the event to the server.
2020-02-21 16:05:35 ERROR ApacheHttpClient.processExceptionSendEvent(109) - (super) : Error while sending the event to the server.
2020-02-21 16:06:35 ERROR ApacheHttpClient.processExceptionSendEvent(109) - (super) : Error while sending the event to the server.
2020-02-21 16:07:35 ERROR ApacheHttpClient.processExceptionSendEvent(109) - (super) : Error while sending the event to the server.
2020-02-21 16:08:35 ERROR ApacheHttpClient.processExceptionSendEvent(109) - (super) : Error while sending the event to the server.
2020-02-21 16:09:35 ERROR ApacheHttpClient.processExceptionSendEvent(109) - (super) : Error while sending the event to the server.
2020-02-21 16:10:35 ERROR ApacheHttpClient.processExceptionSendEvent(109) - (super) : Error while sending the event to the server.
2020-02-21 16:11:35 ERROR ApacheHttpClient.processExceptionSendEvent(109) - (super) : Error while sending the event to the server.
2020-02-21 16:12:35 ERROR ApacheHttpClient.processExceptionSendEvent(109) - (super) : Error while sending the event to the server.
2020-02-21 16:13:35 ERROR ApacheHttpClient.processExceptionSendEvent(109) - (super) : Error while sending the event to the server.
2020-02-21 16:14:35 ERROR ApacheHttpClient.processExceptionSendEvent(109) - (super) : Error while sending the event to the server.
2020-02-21 16:15:35 ERROR ApacheHttpClient.processExceptionSendEvent(109) - (super) : Error while sending the event to the server.
2020-02-21 16:16:35 ERROR ApacheHttpClient.processExceptionSendEvent(109) - (super) : Error while sending the event to the server.
2020-02-21 16:17:35 ERROR ApacheHttpClient.processExceptionSendEvent(109) - (super) : Error while sending the event to the server.
2020-02-21 16:18:37 INFO  ApacheHttpClient.sendEvent(529) - responseCode = 200
2020-02-21 16:19:40 INFO  ApacheHttpClient.sendEvent(529) - responseCode = 200
2020-02-21 16:20:40 INFO  ApacheHttpClient.sendEvent(529) - responseCode = 200
2020-02-21 16:21:40 INFO  ApacheHttpClient.sendEvent(529) - responseCode = 200
2020-02-21 16:22:41 INFO  ApacheHttpClient.sendEvent(529) - responseCode = 200
2020-02-21 16:23:40 INFO  ApacheHttpClient.sendEvent(529) - responseCode = 200
2020-02-21 16:24:40 INFO  ApacheHttpClient.sendEvent(529) - responseCode = 200
2020-02-21 16:25:40 INFO  ApacheHttpClient.sendEvent(529) - responseCode = 200
2020-02-21 16:26:40 INFO  ApacheHttpClient.sendEvent(529) - responseCode = 200
2020-02-21 16:27:40 INFO  ApacheHttpClient.sendEvent(529) - responseCode = 200
2020-02-21 16:28:40 INFO  ApacheHttpClient.sendEvent(529) - responseCode = 200
2020-02-21 16:29:40 INFO  ApacheHttpClient.sendEvent(529) - responseCode = 200
2020-02-21 16:30:40 INFO  ApacheHttpClient.sendEvent(529) - responseCode = 200
2020-02-21 16:31:04 INFO  ApacheHttpClient.getWebResourceAsStream(496) - responseCode = 200
2020-02-21 16:31:04 INFO  ApacheHttpClient.getTask(482) - responseCode = 200
2020-02-21 16:31:06 INFO  ApacheHttpClient.getWebResourceAsStream(496) - responseCode = 200
2020-02-21 16:31:08 INFO  ApacheHttpClient.completed(28) - responseCode = 200
2020-02-21 16:31:40 INFO  ApacheHttpClient.sendEvent(529) - responseCode = 200
2020-02-21 16:32:40 INFO  ApacheHttpClient.sendEvent(529) - responseCode = 200
2020-02-21 16:33:40 INFO  ApacheHttpClient.sendEvent(529) - responseCode = 200
2020-02-21 16:33:47 INFO  ApacheHttpClient.getWebResourceAsStream(496) - responseCode = 200
2020-02-21 16:33:48 INFO  ApacheHttpClient.getTask(482) - responseCode = 200
2020-02-21 16:33:48 INFO  ApacheHttpClient.getWebResourceAsStream(496) - responseCode = 200
2020-02-21 16:33:53 INFO  ApacheHttpClient.completed(28) - responseCode = 200
2020-02-21 16:33:54 INFO  ApacheHttpClient.getTask(482) - responseCode = 200
2020-02-21 16:34:40 INFO  ApacheHttpClient.sendEvent(529) - responseCode = 200
2020-02-21 16:35:40 INFO  ApacheHttpClient.sendEvent(529) - responseCode = 200
2020-02-21 16:36:40 INFO  ApacheHttpClient.sendEvent(529) - responseCode = 200
2020-02-21 16:37:40 INFO  ApacheHttpClient.sendEvent(529) - responseCode = 200
2020-02-21 16:38:40 INFO  ApacheHttpClient.sendEvent(529) - responseCode = 200
2020-02-21 16:39:40 INFO  ApacheHttpClient.sendEvent(529) - responseCode = 200
2020-02-21 16:40:40 INFO  ApacheHttpClient.sendEvent(529) - responseCode = 200
2020-02-21 16:41:40 INFO  ApacheHttpClient.sendEvent(529) - responseCode = 200
2020-02-21 16:42:40 INFO  ApacheHttpClient.sendEvent(529) - responseCode = 200
2020-02-21 16:43:40 INFO  ApacheHttpClient.sendEvent(529) - responseCode = 200
2020-02-21 16:44:40 INFO  ApacheHttpClient.sendEvent(529) - responseCode = 200
2020-02-21 16:45:40 INFO  ApacheHttpClient.sendEvent(529) - responseCode = 200
2020-02-21 16:46:40 INFO  ApacheHttpClient.sendEvent(529) - responseCode = 200
2020-02-21 16:47:40 INFO  ApacheHttpClient.sendEvent(529) - responseCode = 200
2020-02-21 16:48:40 INFO  ApacheHttpClient.sendEvent(529) - responseCode = 200
2020-02-21 16:49:40 INFO  ApacheHttpClient.sendEvent(529) - responseCode = 200
2020-02-21 16:50:40 INFO  ApacheHttpClient.sendEvent(529) - responseCode = 200
2020-02-21 16:51:40 INFO  ApacheHttpClient.sendEvent(529) - responseCode = 200
2020-02-21 16:52:40 INFO  ApacheHttpClient.sendEvent(529) - responseCode = 200
2020-02-21 16:53:40 INFO  ApacheHttpClient.sendEvent(529) - responseCode = 200
2020-02-21 16:54:40 INFO  ApacheHttpClient.sendEvent(529) - responseCode = 200
2020-02-21 16:55:40 INFO  ApacheHttpClient.sendEvent(529) - responseCode = 200
2020-02-21 16:56:40 INFO  ApacheHttpClient.sendEvent(529) - responseCode = 200
2020-02-21 16:57:40 INFO  ApacheHttpClient.sendEvent(529) - responseCode = 200
2020-02-21 16:58:40 INFO  ApacheHttpClient.sendEvent(529) - responseCode = 200
2020-02-21 16:59:40 INFO  ApacheHttpClient.sendEvent(529) - responseCode = 200
2020-02-21 17:00:40 INFO  ApacheHttpClient.sendEvent(529) - responseCode = 200
2020-02-21 17:01:40 INFO  ApacheHttpClient.sendEvent(529) - responseCode = 200
2020-02-21 17:02:40 INFO  ApacheHttpClient.sendEvent(529) - responseCode = 200
2020-02-21 17:03:40 INFO  ApacheHttpClient.sendEvent(529) - responseCode = 200
2020-02-21 17:04:40 INFO  ApacheHttpClient.sendEvent(529) - responseCode = 200
2020-02-21 17:05:40 INFO  ApacheHttpClient.sendEvent(529) - responseCode = 200
2020-02-21 17:06:40 INFO  ApacheHttpClient.sendEvent(529) - responseCode = 200
2020-02-21 17:07:40 INFO  ApacheHttpClient.sendEvent(529) - responseCode = 200
2020-02-21 17:08:40 INFO  ApacheHttpClient.sendEvent(529) - responseCode = 200
2020-02-21 17:09:40 INFO  ApacheHttpClient.sendEvent(529) - responseCode = 200
2020-02-21 17:10:32 INFO  ApacheHttpClient.getWebResourceAsStream(496) - responseCode = 200
2020-02-21 17:10:33 INFO  ApacheHttpClient.getFilteredTasks(335) - responseCode = 200
2020-02-21 17:10:40 INFO  ApacheHttpClient.sendEvent(529) - responseCode = 200
2020-02-21 17:11:03 INFO  ApacheHttpClient.getTaskTemplateInfo(352) - responseCode = 200
2020-02-21 17:11:05 INFO  ApacheHttpClient.getWebResourceAsStream(496) - responseCode = 200
2020-02-21 17:11:40 INFO  ApacheHttpClient.sendEvent(529) - responseCode = 200
2020-02-21 17:12:40 INFO  ApacheHttpClient.sendEvent(529) - responseCode = 200
2020-02-21 17:14:08 ERROR ApacheHttpClient.processExceptionSendEvent(109) - (super) : Error while sending the event to the server.
2020-02-21 17:14:40 ERROR ApacheHttpClient.processExceptionSendEvent(109) - (super) : Error while sending the event to the server.
2020-02-21 17:15:40 ERROR ApacheHttpClient.processExceptionSendEvent(109) - (super) : Error while sending the event to the server.
2020-02-21 17:16:40 ERROR ApacheHttpClient.processExceptionSendEvent(109) - (super) : Error while sending the event to the server.
2020-02-21 17:17:40 ERROR ApacheHttpClient.processExceptionSendEvent(109) - (super) : Error while sending the event to the server.
2020-02-21 17:18:41 INFO  ApacheHttpClient.sendEvent(529) - responseCode = 200
2020-02-21 17:20:02 ERROR ApacheHttpClient.processExceptionSendEvent(109) - (super) : Error while sending the event to the server.
2020-02-21 17:20:40 ERROR ApacheHttpClient.processExceptionSendEvent(109) - (super) : Error while sending the event to the server.
2020-02-21 17:21:40 ERROR ApacheHttpClient.processExceptionSendEvent(109) - (super) : Error while sending the event to the server.
2020-02-21 17:22:40 ERROR ApacheHttpClient.processExceptionSendEvent(109) - (super) : Error while sending the event to the server.
2020-02-21 17:23:41 INFO  ApacheHttpClient.sendEvent(529) - responseCode = 200
2020-02-21 17:24:40 INFO  ApacheHttpClient.sendEvent(529) - responseCode = 200
2020-02-21 17:25:40 INFO  ApacheHttpClient.sendEvent(529) - responseCode = 200
2020-02-21 17:26:40 INFO  ApacheHttpClient.sendEvent(529) - responseCode = 200
2020-02-21 17:27:41 INFO  ApacheHttpClient.sendEvent(529) - responseCode = 200
2020-02-21 17:28:40 INFO  ApacheHttpClient.sendEvent(529) - responseCode = 200
2020-02-21 17:29:40 INFO  ApacheHttpClient.sendEvent(529) - responseCode = 200
2020-02-21 17:30:40 INFO  ApacheHttpClient.sendEvent(529) - responseCode = 200
2020-02-21 17:31:40 INFO  ApacheHttpClient.sendEvent(529) - responseCode = 200
2020-02-21 17:32:53 ERROR ApacheHttpClient.processExceptionSendEvent(109) - (super) : Error while sending the event to the server.
2020-02-21 17:33:30 INFO  ApacheHttpClient.getWebResourceAsStream(496) - responseCode = 200
2020-02-21 17:33:31 INFO  ApacheHttpClient.getTask(482) - responseCode = 200
2020-02-21 17:33:32 INFO  ApacheHttpClient.completed(28) - responseCode = 200
2020-02-21 17:33:32 INFO  ApacheHttpClient.getWebResourceAsStream(496) - responseCode = 200
2020-02-21 17:33:32 INFO  ApacheHttpClient.getTask(482) - responseCode = 200
2020-02-21 17:33:40 INFO  ApacheHttpClient.sendEvent(529) - responseCode = 200
2020-02-21 17:33:44 INFO  ApacheHttpClient.getWebResourceAsStream(496) - responseCode = 200
2020-02-21 17:33:45 INFO  ApacheHttpClient.getFilteredTasks(335) - responseCode = 200
2020-02-21 17:33:57 INFO  ApacheHttpClient.getWebResourceAsStream(496) - responseCode = 200
2020-02-21 17:33:57 INFO  ApacheHttpClient.getFilteredTasks(335) - responseCode = 200
2020-02-21 17:34:12 INFO  ApacheHttpClient.getTaskTemplateInfo(352) - responseCode = 200
2020-02-21 17:34:13 INFO  ApacheHttpClient.getWebResourceAsStream(496) - responseCode = 200
2020-02-21 17:34:40 INFO  ApacheHttpClient.sendEvent(529) - responseCode = 200
2020-02-21 17:35:40 INFO  ApacheHttpClient.sendEvent(529) - responseCode = 200
2020-02-21 17:36:40 INFO  ApacheHttpClient.sendEvent(529) - responseCode = 200
2020-02-21 17:37:40 INFO  ApacheHttpClient.sendEvent(529) - responseCode = 200
2020-02-21 17:38:40 INFO  ApacheHttpClient.sendEvent(529) - responseCode = 200
2020-02-21 17:39:40 INFO  ApacheHttpClient.sendEvent(529) - responseCode = 200
2020-02-21 17:40:40 INFO  ApacheHttpClient.getWebResourceAsStream(496) - responseCode = 200
2020-02-21 17:40:40 INFO  ApacheHttpClient.sendEvent(529) - responseCode = 200
2020-02-21 17:40:41 INFO  ApacheHttpClient.getWebResourceAsStream(496) - responseCode = 200
2020-02-21 17:40:41 INFO  ApacheHttpClient.getTask(482) - responseCode = 200
2020-02-21 17:40:42 INFO  ApacheHttpClient.completed(28) - responseCode = 200
2020-02-21 17:41:18 INFO  ApacheHttpClient.getWebResourceAsStream(496) - responseCode = 200
2020-02-21 17:41:18 INFO  ApacheHttpClient.getTask(482) - responseCode = 200
2020-02-21 17:41:19 INFO  ApacheHttpClient.getWebResourceAsStream(496) - responseCode = 200
2020-02-21 17:41:20 INFO  ApacheHttpClient.completed(28) - responseCode = 200
2020-02-21 17:41:20 INFO  ApacheHttpClient.getTask(482) - responseCode = 200
2020-02-21 17:41:32 INFO  ApacheHttpClient.getWebResourceAsStream(496) - responseCode = 200
2020-02-21 17:41:32 INFO  ApacheHttpClient.getFilteredTasks(335) - responseCode = 200
2020-02-21 17:42:02 INFO  ApacheHttpClient.getTaskTemplateInfo(352) - responseCode = 200
2020-02-21 17:42:03 INFO  ApacheHttpClient.getWebResourceAsStream(496) - responseCode = 200
2020-02-21 17:42:40 INFO  ApacheHttpClient.sendEvent(529) - responseCode = 200
2020-02-21 17:43:40 INFO  ApacheHttpClient.sendEvent(529) - responseCode = 200
2020-02-21 17:44:40 INFO  ApacheHttpClient.sendEvent(529) - responseCode = 200
2020-02-21 17:45:40 INFO  ApacheHttpClient.sendEvent(529) - responseCode = 200
2020-02-21 17:46:40 INFO  ApacheHttpClient.sendEvent(529) - responseCode = 200
2020-02-21 17:47:40 INFO  ApacheHttpClient.sendEvent(529) - responseCode = 200
2020-02-21 17:48:40 INFO  ApacheHttpClient.sendEvent(529) - responseCode = 200
2020-02-21 17:49:40 INFO  ApacheHttpClient.sendEvent(529) - responseCode = 200
2020-02-21 17:50:40 INFO  ApacheHttpClient.sendEvent(529) - responseCode = 200
2020-02-21 17:51:40 INFO  ApacheHttpClient.sendEvent(529) - responseCode = 200
2020-02-21 17:52:40 INFO  ApacheHttpClient.sendEvent(529) - responseCode = 200
2020-02-21 17:53:40 INFO  ApacheHttpClient.sendEvent(529) - responseCode = 200
2020-02-21 17:54:40 INFO  ApacheHttpClient.sendEvent(529) - responseCode = 200
2020-02-21 17:55:40 INFO  ApacheHttpClient.sendEvent(529) - responseCode = 200
2020-02-21 17:56:40 INFO  ApacheHttpClient.sendEvent(529) - responseCode = 200
2020-02-21 17:57:40 INFO  ApacheHttpClient.sendEvent(529) - responseCode = 200
2020-02-21 17:58:40 INFO  ApacheHttpClient.sendEvent(529) - responseCode = 200
2020-02-21 17:59:40 INFO  ApacheHttpClient.sendEvent(529) - responseCode = 200
2020-02-21 18:00:40 INFO  ApacheHttpClient.sendEvent(529) - responseCode = 200
2020-02-21 18:01:40 INFO  ApacheHttpClient.sendEvent(529) - responseCode = 200
2020-02-21 18:02:40 INFO  ApacheHttpClient.sendEvent(529) - responseCode = 200
2020-02-21 18:03:40 INFO  ApacheHttpClient.sendEvent(529) - responseCode = 200
2020-02-21 18:04:40 INFO  ApacheHttpClient.sendEvent(529) - responseCode = 200
2020-02-21 18:05:40 INFO  ApacheHttpClient.sendEvent(529) - responseCode = 200
2020-02-21 18:06:40 INFO  ApacheHttpClient.sendEvent(529) - responseCode = 200
2020-02-21 18:07:40 INFO  ApacheHttpClient.sendEvent(529) - responseCode = 200
2020-02-21 18:08:40 INFO  ApacheHttpClient.sendEvent(529) - responseCode = 200
2020-02-21 18:09:40 INFO  ApacheHttpClient.sendEvent(529) - responseCode = 200
2020-02-21 18:10:40 INFO  ApacheHttpClient.sendEvent(529) - responseCode = 200
2020-02-21 18:11:40 INFO  ApacheHttpClient.sendEvent(529) - responseCode = 200
2020-02-21 18:12:40 INFO  ApacheHttpClient.sendEvent(529) - responseCode = 200
2020-02-21 18:13:40 INFO  ApacheHttpClient.sendEvent(529) - responseCode = 200
2020-02-21 18:14:41 INFO  ApacheHttpClient.sendEvent(529) - responseCode = 200
2020-02-21 18:15:40 INFO  ApacheHttpClient.sendEvent(529) - responseCode = 200
2020-02-21 18:16:40 INFO  ApacheHttpClient.sendEvent(529) - responseCode = 200
2020-02-21 18:17:40 INFO  ApacheHttpClient.sendEvent(529) - responseCode = 200
2020-02-21 18:18:40 INFO  ApacheHttpClient.sendEvent(529) - responseCode = 200
2020-02-21 18:19:40 INFO  ApacheHttpClient.sendEvent(529) - responseCode = 200
2020-02-21 18:20:42 INFO  ApacheHttpClient.sendEvent(529) - responseCode = 200
2020-02-21 18:20:46 INFO  ApacheHttpClient.getWebResourceAsStream(496) - responseCode = 200
2020-02-21 18:20:46 INFO  ApacheHttpClient.getTask(482) - responseCode = 200
2020-02-21 18:20:49 INFO  ApacheHttpClient.completed(28) - responseCode = 200
2020-02-21 18:20:50 INFO  ApacheHttpClient.getWebResourceAsStream(496) - responseCode = 200
2020-02-21 18:20:50 INFO  ApacheHttpClient.getTask(482) - responseCode = 200
2020-02-21 18:21:53 INFO  ApacheHttpClient.getWebResourceAsStream(496) - responseCode = 200
2020-02-21 18:21:54 INFO  ApacheHttpClient.getFilteredTasks(335) - responseCode = 200
2020-02-21 18:22:53 INFO  ApacheHttpClient.getTaskTemplateInfo(352) - responseCode = 200
2020-02-21 18:22:57 INFO  ApacheHttpClient.getWebResourceAsStream(496) - responseCode = 200
2020-02-21 18:23:40 INFO  ApacheHttpClient.sendEvent(529) - responseCode = 200
2020-02-21 18:24:40 INFO  ApacheHttpClient.sendEvent(529) - responseCode = 200
2020-02-21 18:25:40 INFO  ApacheHttpClient.sendEvent(529) - responseCode = 200
2020-02-21 18:26:40 INFO  ApacheHttpClient.sendEvent(529) - responseCode = 200
2020-02-21 18:27:40 INFO  ApacheHttpClient.sendEvent(529) - responseCode = 200
2020-02-21 18:28:17 INFO  ApacheHttpClient.getWebResourceAsStream(496) - responseCode = 200
2020-02-21 18:28:18 INFO  ApacheHttpClient.getTask(482) - responseCode = 200
2020-02-21 18:28:18 INFO  ApacheHttpClient.completed(28) - responseCode = 200
2020-02-21 18:28:18 INFO  ApacheHttpClient.getTask(482) - responseCode = 200
2020-02-21 18:28:19 INFO  ApacheHttpClient.getWebResourceAsStream(496) - responseCode = 200
2020-02-21 18:28:30 INFO  PluginTasksProjectComponent.projectClosing(188) - ---------- Project closed ----------

2020-02-21 18:28:31 INFO  ApacheHttpClient.getTask(482) - responseCode = 200
2020-02-21 18:28:31 INFO  ApacheHttpClient.getTask(482) - responseCode = 200
2020-02-21 18:28:31 INFO  ApacheHttpClient.getTask(482) - responseCode = 200
2020-02-21 18:28:32 INFO  ApacheHttpClient.getTask(482) - responseCode = 200
2020-02-21 18:28:32 INFO  ApacheHttpClient.getTask(482) - responseCode = 200
2020-02-21 18:35:54 INFO  PluginTasksProjectComponent.projectOpened(77) - ---------- Project opened ----------
2020-02-21 18:35:54 INFO  PluginTasksProjectComponent.projectOpened(78) - ---------- Version 3.38 ----------

2020-02-21 18:35:55 INFO  PluginTasksProjectComponent.setAutoscrolls(366) - Autoscrolls successfully set
2020-02-21 18:35:59 INFO  ApacheHttpClient.createAsyncHttpClient(145) - 1 proxies selected. Type: DIRECT
2020-02-21 18:35:59 INFO  ApacheHttpClient.<init>(96) - ApacheHttpClient was successfully instantiated.
2020-02-21 18:36:01 INFO  ApacheHttpClient.testConnection(204) - responseCode = 200
2020-02-21 18:36:01 INFO  ApacheHttpClient.testConnection(219) - result = true
2020-02-21 18:36:02 INFO  ApacheHttpClient.isSessionAppropriateWithSecretKey(596) - Waiting for server response.
2020-02-21 18:36:02 INFO  ApacheHttpClient.isSessionAppropriateWithSecretKey(596) - Waiting for server response.
2020-02-21 18:36:06 INFO  ApacheHttpClient.refreshUserInfo(304) - responseCode = 200
2020-02-21 18:36:07 INFO  ApacheHttpClient.refreshUserInfo(310) - User information received.
2020-02-21 18:36:07 INFO  ApacheHttpClient.startGA(35) - GAService started.
2020-02-21 18:36:07 INFO  AbstractRestApiClient.startService(71) - EventsService started.
2020-02-21 18:37:08 INFO  ApacheHttpClient.sendEvent(529) - responseCode = 200
2020-02-21 18:38:08 INFO  ApacheHttpClient.sendEvent(529) - responseCode = 200
2020-02-21 18:38:18 INFO  ApacheHttpClient.getWebResourceAsStream(496) - responseCode = 200
2020-02-21 18:38:19 INFO  ApacheHttpClient.getFilteredTasks(335) - responseCode = 200
2020-02-21 18:38:28 INFO  ApacheHttpClient.getTaskTemplateInfo(352) - responseCode = 200
2020-02-21 18:38:33 INFO  ApacheHttpClient.getWebResourceAsStream(496) - responseCode = 200
2020-02-21 18:39:08 INFO  ApacheHttpClient.sendEvent(529) - responseCode = 200
2020-02-21 18:40:08 INFO  ApacheHttpClient.sendEvent(529) - responseCode = 200
2020-02-21 18:41:08 INFO  ApacheHttpClient.sendEvent(529) - responseCode = 200
2020-02-21 18:42:08 INFO  ApacheHttpClient.sendEvent(529) - responseCode = 200
2020-02-21 18:43:08 INFO  ApacheHttpClient.sendEvent(529) - responseCode = 200
2020-02-21 18:44:08 INFO  ApacheHttpClient.sendEvent(529) - responseCode = 200
2020-02-21 18:45:08 INFO  ApacheHttpClient.sendEvent(529) - responseCode = 200
2020-02-21 18:46:08 INFO  ApacheHttpClient.sendEvent(529) - responseCode = 200
2020-02-21 18:47:08 INFO  ApacheHttpClient.sendEvent(529) - responseCode = 200
2020-02-21 18:48:08 INFO  ApacheHttpClient.sendEvent(529) - responseCode = 200
2020-02-21 18:49:08 INFO  ApacheHttpClient.sendEvent(529) - responseCode = 200
2020-02-21 18:50:08 INFO  ApacheHttpClient.sendEvent(529) - responseCode = 200
2020-02-21 18:51:08 INFO  ApacheHttpClient.sendEvent(529) - responseCode = 200
2020-02-21 18:52:08 INFO  ApacheHttpClient.sendEvent(529) - responseCode = 200
2020-02-21 18:53:08 INFO  ApacheHttpClient.sendEvent(529) - responseCode = 200
2020-02-21 18:54:08 INFO  ApacheHttpClient.sendEvent(529) - responseCode = 200
2020-02-21 18:55:08 INFO  ApacheHttpClient.sendEvent(529) - responseCode = 200
2020-02-21 18:56:08 INFO  ApacheHttpClient.sendEvent(529) - responseCode = 200
2020-02-21 18:57:08 INFO  ApacheHttpClient.sendEvent(529) - responseCode = 200
2020-02-21 18:58:08 INFO  ApacheHttpClient.sendEvent(529) - responseCode = 200
2020-02-21 18:59:08 INFO  ApacheHttpClient.sendEvent(529) - responseCode = 200
2020-02-21 19:00:08 INFO  ApacheHttpClient.sendEvent(529) - responseCode = 200
2020-02-21 19:01:08 INFO  ApacheHttpClient.sendEvent(529) - responseCode = 200
2020-02-21 19:02:08 INFO  ApacheHttpClient.sendEvent(529) - responseCode = 200
2020-02-21 19:03:08 INFO  ApacheHttpClient.sendEvent(529) - responseCode = 200
2020-02-21 19:04:08 INFO  ApacheHttpClient.sendEvent(529) - responseCode = 200
2020-02-21 19:05:08 INFO  ApacheHttpClient.sendEvent(529) - responseCode = 200
2020-02-21 19:06:08 INFO  ApacheHttpClient.sendEvent(529) - responseCode = 200
2020-02-21 19:07:08 INFO  ApacheHttpClient.sendEvent(529) - responseCode = 200
2020-02-21 19:08:08 INFO  ApacheHttpClient.sendEvent(529) - responseCode = 200
2020-02-21 19:09:08 INFO  ApacheHttpClient.sendEvent(529) - responseCode = 200
2020-02-21 19:10:08 INFO  ApacheHttpClient.sendEvent(529) - responseCode = 200
2020-02-21 19:11:08 INFO  ApacheHttpClient.sendEvent(529) - responseCode = 200
2020-02-21 19:11:28 INFO  ApacheHttpClient.getWebResourceAsStream(496) - responseCode = 200
2020-02-21 19:11:28 INFO  ApacheHttpClient.getWebResourceAsStream(496) - responseCode = 200
2020-02-21 19:11:30 INFO  ApacheHttpClient.getTask(482) - responseCode = 200
2020-02-21 19:11:31 INFO  ApacheHttpClient.completed(28) - responseCode = 200
2020-02-21 19:11:31 INFO  ApacheHttpClient.getTask(482) - responseCode = 200
2020-02-21 19:12:08 INFO  ApacheHttpClient.sendEvent(529) - responseCode = 200
2020-02-21 20:15:42 INFO  ApacheHttpClient.getWebResourceAsStream(496) - responseCode = 200
2020-02-21 20:15:42 INFO  ApacheHttpClient.getFilteredTasks(335) - responseCode = 200
2020-02-21 20:16:19 INFO  ApacheHttpClient.getTaskTemplateInfo(352) - responseCode = 200
2020-02-21 20:16:21 INFO  ApacheHttpClient.getWebResourceAsStream(496) - responseCode = 200
2020-02-21 20:17:08 INFO  ApacheHttpClient.sendEvent(529) - responseCode = 200
2020-02-21 20:18:08 INFO  ApacheHttpClient.sendEvent(529) - responseCode = 200
2020-02-21 20:19:08 INFO  ApacheHttpClient.sendEvent(529) - responseCode = 200
2020-02-21 20:20:08 INFO  ApacheHttpClient.sendEvent(529) - responseCode = 200
2020-02-21 20:21:08 INFO  ApacheHttpClient.sendEvent(529) - responseCode = 200
2020-02-21 20:22:08 INFO  ApacheHttpClient.sendEvent(529) - responseCode = 200
2020-02-21 20:22:28 INFO  ApacheHttpClient.getWebResourceAsStream(496) - responseCode = 200
2020-02-21 20:22:29 INFO  ApacheHttpClient.getWebResourceAsStream(496) - responseCode = 200
2020-02-21 20:22:29 INFO  ApacheHttpClient.getTask(482) - responseCode = 200
2020-02-21 20:22:30 INFO  ApacheHttpClient.completed(28) - responseCode = 200
2020-02-21 20:22:30 INFO  ApacheHttpClient.getTask(482) - responseCode = 200
2020-02-21 20:23:11 INFO  ApacheHttpClient.getWebResourceAsStream(496) - responseCode = 200
2020-02-21 20:23:11 INFO  ApacheHttpClient.getFilteredTasks(335) - responseCode = 200
2020-02-21 20:23:56 INFO  ApacheHttpClient.getTaskTemplateInfo(352) - responseCode = 200
2020-02-21 20:23:57 INFO  ApacheHttpClient.getWebResourceAsStream(496) - responseCode = 200
2020-02-21 20:24:08 INFO  ApacheHttpClient.sendEvent(529) - responseCode = 200
2020-02-21 20:25:08 INFO  ApacheHttpClient.sendEvent(529) - responseCode = 200
2020-02-21 20:26:08 INFO  ApacheHttpClient.sendEvent(529) - responseCode = 200
2020-02-21 20:27:08 INFO  ApacheHttpClient.sendEvent(529) - responseCode = 200
2020-02-21 20:28:08 INFO  ApacheHttpClient.sendEvent(529) - responseCode = 200
2020-02-21 20:29:08 INFO  ApacheHttpClient.sendEvent(529) - responseCode = 200
2020-02-21 20:30:08 INFO  ApacheHttpClient.sendEvent(529) - responseCode = 200
2020-02-21 20:31:08 INFO  ApacheHttpClient.sendEvent(529) - responseCode = 200
2020-02-21 20:32:08 INFO  ApacheHttpClient.sendEvent(529) - responseCode = 200
2020-02-21 20:33:08 INFO  ApacheHttpClient.sendEvent(529) - responseCode = 200
2020-02-21 20:34:08 INFO  ApacheHttpClient.sendEvent(529) - responseCode = 200
2020-02-21 20:35:08 INFO  ApacheHttpClient.sendEvent(529) - responseCode = 200
2020-02-21 20:36:08 INFO  ApacheHttpClient.sendEvent(529) - responseCode = 200
2020-02-21 20:37:08 INFO  ApacheHttpClient.sendEvent(529) - responseCode = 200
2020-02-21 20:38:08 INFO  ApacheHttpClient.sendEvent(529) - responseCode = 200
2020-02-21 20:39:08 INFO  ApacheHttpClient.sendEvent(529) - responseCode = 200
2020-02-21 20:40:08 INFO  ApacheHttpClient.sendEvent(529) - responseCode = 200
2020-02-21 20:41:08 INFO  ApacheHttpClient.sendEvent(529) - responseCode = 200
2020-02-21 20:42:08 INFO  ApacheHttpClient.sendEvent(529) - responseCode = 200
2020-02-21 20:43:08 INFO  ApacheHttpClient.sendEvent(529) - responseCode = 200
2020-02-21 20:44:08 INFO  ApacheHttpClient.sendEvent(529) - responseCode = 200
2020-02-21 20:45:08 INFO  ApacheHttpClient.sendEvent(529) - responseCode = 200
2020-02-21 20:46:08 INFO  ApacheHttpClient.sendEvent(529) - responseCode = 200
2020-02-21 20:47:08 INFO  ApacheHttpClient.sendEvent(529) - responseCode = 200
2020-02-21 20:48:08 INFO  ApacheHttpClient.sendEvent(529) - responseCode = 200
2020-02-21 20:49:08 INFO  ApacheHttpClient.sendEvent(529) - responseCode = 200
2020-02-21 20:50:08 INFO  ApacheHttpClient.sendEvent(529) - responseCode = 200
2020-02-21 20:51:08 INFO  ApacheHttpClient.sendEvent(529) - responseCode = 200
2020-02-21 20:52:08 INFO  ApacheHttpClient.sendEvent(529) - responseCode = 200
2020-02-21 20:53:08 INFO  ApacheHttpClient.sendEvent(529) - responseCode = 200
2020-02-21 20:54:08 INFO  ApacheHttpClient.sendEvent(529) - responseCode = 200
2020-02-21 20:55:08 INFO  ApacheHttpClient.sendEvent(529) - responseCode = 200
2020-02-21 20:56:08 INFO  ApacheHttpClient.sendEvent(529) - responseCode = 200
2020-02-21 20:57:08 INFO  ApacheHttpClient.sendEvent(529) - responseCode = 200
2020-02-21 20:58:08 INFO  ApacheHttpClient.sendEvent(529) - responseCode = 200
2020-02-21 20:59:08 INFO  ApacheHttpClient.sendEvent(529) - responseCode = 200
2020-02-21 21:00:08 INFO  ApacheHttpClient.sendEvent(529) - responseCode = 200
2020-02-21 21:01:08 INFO  ApacheHttpClient.sendEvent(529) - responseCode = 200
2020-02-21 21:02:08 INFO  ApacheHttpClient.sendEvent(529) - responseCode = 200
2020-02-21 21:03:08 INFO  ApacheHttpClient.sendEvent(529) - responseCode = 200
2020-02-21 21:04:08 INFO  ApacheHttpClient.sendEvent(529) - responseCode = 200
2020-02-21 21:05:08 INFO  ApacheHttpClient.sendEvent(529) - responseCode = 200
2020-02-21 21:06:08 INFO  ApacheHttpClient.sendEvent(529) - responseCode = 200
2020-02-21 21:07:08 INFO  ApacheHttpClient.sendEvent(529) - responseCode = 200
2020-02-21 21:08:08 INFO  ApacheHttpClient.sendEvent(529) - responseCode = 200
2020-02-21 21:09:08 INFO  ApacheHttpClient.sendEvent(529) - responseCode = 200
2020-02-21 21:10:08 INFO  ApacheHttpClient.sendEvent(529) - responseCode = 200
2020-02-21 21:11:08 INFO  ApacheHttpClient.sendEvent(529) - responseCode = 200
2020-02-21 21:12:08 INFO  ApacheHttpClient.sendEvent(529) - responseCode = 200
2020-02-21 21:13:08 INFO  ApacheHttpClient.sendEvent(529) - responseCode = 200
2020-02-21 21:14:08 INFO  ApacheHttpClient.sendEvent(529) - responseCode = 200
2020-02-21 21:15:08 INFO  ApacheHttpClient.sendEvent(529) - responseCode = 200
2020-02-21 21:16:08 INFO  ApacheHttpClient.sendEvent(529) - responseCode = 200
2020-02-21 21:17:08 INFO  ApacheHttpClient.sendEvent(529) - responseCode = 200
2020-02-21 21:18:08 INFO  ApacheHttpClient.sendEvent(529) - responseCode = 200
2020-02-21 21:18:24 INFO  ApacheHttpClient.getWebResourceAsStream(496) - responseCode = 200
2020-02-21 21:18:24 INFO  ApacheHttpClient.getTask(482) - responseCode = 200
2020-02-21 21:18:25 INFO  ApacheHttpClient.getWebResourceAsStream(496) - responseCode = 200
2020-02-21 21:18:26 INFO  ApacheHttpClient.completed(28) - responseCode = 200
2020-02-21 21:18:26 INFO  ApacheHttpClient.getTask(482) - responseCode = 200
2020-02-21 21:19:08 INFO  ApacheHttpClient.sendEvent(529) - responseCode = 200
2020-02-21 21:21:28 INFO  ApacheHttpClient.getWebResourceAsStream(496) - responseCode = 200
2020-02-21 21:21:28 INFO  ApacheHttpClient.getFilteredTasks(335) - responseCode = 200
2020-02-21 21:21:39 INFO  ApacheHttpClient.getTaskTemplateInfo(352) - responseCode = 200
2020-02-21 21:21:40 INFO  ApacheHttpClient.getWebResourceAsStream(496) - responseCode = 200
2020-02-21 21:22:08 INFO  ApacheHttpClient.sendEvent(529) - responseCode = 200
2020-02-21 21:23:08 INFO  ApacheHttpClient.sendEvent(529) - responseCode = 200
2020-02-21 21:24:08 INFO  ApacheHttpClient.sendEvent(529) - responseCode = 200
2020-02-21 21:25:08 INFO  ApacheHttpClient.sendEvent(529) - responseCode = 200
2020-02-21 21:26:08 INFO  ApacheHttpClient.sendEvent(529) - responseCode = 200
2020-02-21 21:27:08 INFO  ApacheHttpClient.sendEvent(529) - responseCode = 200
2020-02-21 21:28:08 INFO  ApacheHttpClient.sendEvent(529) - responseCode = 200
2020-02-21 21:29:08 INFO  ApacheHttpClient.sendEvent(529) - responseCode = 200
2020-02-21 21:30:08 INFO  ApacheHttpClient.sendEvent(529) - responseCode = 200
2020-02-21 21:31:08 INFO  ApacheHttpClient.sendEvent(529) - responseCode = 200
2020-02-21 21:32:08 INFO  ApacheHttpClient.sendEvent(529) - responseCode = 200
2020-02-21 21:33:08 INFO  ApacheHttpClient.sendEvent(529) - responseCode = 200
2020-02-21 21:34:08 INFO  ApacheHttpClient.sendEvent(529) - responseCode = 200
2020-02-21 21:35:08 INFO  ApacheHttpClient.sendEvent(529) - responseCode = 200
2020-02-21 21:36:08 INFO  ApacheHttpClient.sendEvent(529) - responseCode = 200
2020-02-21 21:37:08 INFO  ApacheHttpClient.sendEvent(529) - responseCode = 200
2020-02-21 21:38:08 INFO  ApacheHttpClient.sendEvent(529) - responseCode = 200
2020-02-21 21:39:08 INFO  ApacheHttpClient.sendEvent(529) - responseCode = 200
2020-02-21 21:40:08 INFO  ApacheHttpClient.sendEvent(529) - responseCode = 200
2020-02-21 21:41:08 INFO  ApacheHttpClient.sendEvent(529) - responseCode = 200
2020-02-21 21:42:08 INFO  ApacheHttpClient.sendEvent(529) - responseCode = 200
2020-02-21 21:43:08 INFO  ApacheHttpClient.sendEvent(529) - responseCode = 200
2020-02-21 21:44:08 INFO  ApacheHttpClient.sendEvent(529) - responseCode = 200
2020-02-21 21:45:08 INFO  ApacheHttpClient.sendEvent(529) - responseCode = 200
2020-02-21 21:46:08 INFO  ApacheHttpClient.sendEvent(529) - responseCode = 200
2020-02-21 21:47:08 INFO  ApacheHttpClient.sendEvent(529) - responseCode = 200
2020-02-21 21:47:31 INFO  ApacheHttpClient.getWebResourceAsStream(496) - responseCode = 200
2020-02-21 21:47:32 INFO  ApacheHttpClient.getTask(482) - responseCode = 200
2020-02-21 21:47:32 INFO  ApacheHttpClient.getWebResourceAsStream(496) - responseCode = 200
2020-02-21 21:47:34 INFO  ApacheHttpClient.completed(28) - responseCode = 200
2020-02-21 21:48:08 INFO  ApacheHttpClient.sendEvent(529) - responseCode = 200
2020-02-21 21:48:21 INFO  PluginTasksProjectComponent.projectClosing(188) - ---------- Project closed ----------

2020-02-21 21:48:21 INFO  ApacheHttpClient.getTask(482) - responseCode = 200
2020-02-21 21:48:21 INFO  ApacheHttpClient.getTask(482) - responseCode = 200
2020-02-21 21:48:21 INFO  ApacheHttpClient.getTask(482) - responseCode = 200
2020-02-21 21:48:22 INFO  ApacheHttpClient.getTask(482) - responseCode = 200
2020-02-21 21:48:22 INFO  ApacheHttpClient.getTask(482) - responseCode = 200
2020-02-21 23:41:06 INFO  PluginTasksProjectComponent.projectOpened(77) - ---------- Project opened ----------
2020-02-21 23:41:06 INFO  PluginTasksProjectComponent.projectOpened(78) - ---------- Version 3.38 ----------

2020-02-21 23:41:06 INFO  ApacheHttpClient.createAsyncHttpClient(145) - 1 proxies selected. Type: DIRECT
2020-02-21 23:41:06 INFO  ApacheHttpClient.<init>(96) - ApacheHttpClient was successfully instantiated.
2020-02-21 23:41:07 INFO  ApacheHttpClient.testConnection(204) - responseCode = 200
2020-02-21 23:41:07 INFO  ApacheHttpClient.testConnection(219) - result = true
2020-02-21 23:41:08 INFO  ApacheHttpClient.isSessionAppropriateWithSecretKey(596) - Waiting for server response.
2020-02-21 23:41:08 INFO  ApacheHttpClient.isSessionAppropriateWithSecretKey(596) - Waiting for server response.
2020-02-21 23:41:08 INFO  ApacheHttpClient.refreshUserInfo(304) - responseCode = 200
2020-02-21 23:41:09 INFO  ApacheHttpClient.refreshUserInfo(310) - User information received.
2020-02-21 23:41:09 INFO  ApacheHttpClient.startGA(35) - GAService started.
2020-02-21 23:41:09 INFO  AbstractRestApiClient.startService(71) - EventsService started.
2020-02-21 23:41:14 INFO  ApacheHttpClient.getWebResourceAsStream(496) - responseCode = 200
2020-02-21 23:42:09 INFO  ApacheHttpClient.sendEvent(529) - responseCode = 200
2020-02-21 23:43:09 INFO  ApacheHttpClient.sendEvent(529) - responseCode = 200
2020-02-21 23:44:09 INFO  ApacheHttpClient.sendEvent(529) - responseCode = 200
2020-02-21 23:45:09 INFO  ApacheHttpClient.sendEvent(529) - responseCode = 200
2020-02-21 23:46:09 INFO  ApacheHttpClient.sendEvent(529) - responseCode = 200
2020-02-21 23:46:12 INFO  ApacheHttpClient.getWebResourceAsStream(496) - responseCode = 200
2020-02-21 23:46:12 INFO  ApacheHttpClient.getWebResourceAsStream(496) - responseCode = 200
2020-02-21 23:46:12 INFO  ApacheHttpClient.getTask(482) - responseCode = 200
2020-02-21 23:46:13 INFO  ApacheHttpClient.completed(28) - responseCode = 200
2020-02-21 23:46:14 INFO  ApacheHttpClient.getTask(482) - responseCode = 200
2020-02-21 23:47:09 INFO  ApacheHttpClient.sendEvent(529) - responseCode = 200
2020-02-21 23:48:09 INFO  ApacheHttpClient.sendEvent(529) - responseCode = 200
2020-02-21 23:49:09 INFO  ApacheHttpClient.sendEvent(529) - responseCode = 200
2020-02-21 23:50:09 INFO  ApacheHttpClient.sendEvent(529) - responseCode = 200
2020-02-21 23:51:09 INFO  ApacheHttpClient.sendEvent(529) - responseCode = 200
2020-02-21 23:52:09 INFO  ApacheHttpClient.sendEvent(529) - responseCode = 200
2020-02-21 23:53:09 INFO  ApacheHttpClient.sendEvent(529) - responseCode = 200
2020-02-21 23:53:29 INFO  ApacheHttpClient.getWebResourceAsStream(496) - responseCode = 200
2020-02-21 23:53:30 INFO  ApacheHttpClient.getFilteredTasks(335) - responseCode = 200
2020-02-21 23:53:39 INFO  ApacheHttpClient.getTaskTemplateInfo(352) - responseCode = 200
2020-02-21 23:53:40 INFO  ApacheHttpClient.getWebResourceAsStream(496) - responseCode = 200
2020-02-21 23:54:09 INFO  ApacheHttpClient.sendEvent(529) - responseCode = 200
2020-02-21 23:55:09 INFO  ApacheHttpClient.sendEvent(529) - responseCode = 200
2020-02-21 23:56:09 INFO  ApacheHttpClient.sendEvent(529) - responseCode = 200
2020-02-21 23:57:09 INFO  ApacheHttpClient.sendEvent(529) - responseCode = 200
2020-02-21 23:58:09 INFO  ApacheHttpClient.sendEvent(529) - responseCode = 200
2020-02-21 23:59:09 INFO  ApacheHttpClient.sendEvent(529) - responseCode = 200
2020-02-22 00:00:09 INFO  ApacheHttpClient.sendEvent(529) - responseCode = 200
2020-02-22 00:01:09 INFO  ApacheHttpClient.sendEvent(529) - responseCode = 200
2020-02-22 00:02:09 INFO  ApacheHttpClient.sendEvent(529) - responseCode = 200
2020-02-22 00:03:09 INFO  ApacheHttpClient.sendEvent(529) - responseCode = 200
2020-02-22 00:04:09 INFO  ApacheHttpClient.sendEvent(529) - responseCode = 200
2020-02-22 00:05:01 INFO  ApacheHttpClient.getWebResourceAsStream(496) - responseCode = 200
2020-02-22 00:05:01 INFO  ApacheHttpClient.getTask(482) - responseCode = 200
2020-02-22 00:05:01 INFO  ApacheHttpClient.getWebResourceAsStream(496) - responseCode = 200
2020-02-22 00:05:03 INFO  ApacheHttpClient.completed(28) - responseCode = 200
2020-02-22 00:05:03 INFO  ApacheHttpClient.getTask(482) - responseCode = 200
2020-02-22 00:05:09 INFO  ApacheHttpClient.sendEvent(529) - responseCode = 200
2020-02-22 00:06:14 ERROR ApacheHttpClient.getServerAvailabilityStatus(562) - Error while checking server availability. : java.util.concurrent.ExecutionException
2020-02-22 00:06:14 WARN  SelectTaskButton.isServerAvailable(78) - The server is unavailable. Wait a little, restart IntelliJ IDEA and try again.
2020-02-22 00:06:26 INFO  ApacheHttpClient.getWebResourceAsStream(496) - responseCode = 200
2020-02-22 00:06:26 INFO  ApacheHttpClient.getFilteredTasks(335) - responseCode = 200
2020-02-22 00:06:42 INFO  ApacheHttpClient.getTaskTemplateInfo(352) - responseCode = 200
2020-02-22 00:06:44 INFO  ApacheHttpClient.getWebResourceAsStream(496) - responseCode = 200
2020-02-22 00:07:09 INFO  ApacheHttpClient.sendEvent(529) - responseCode = 200
2020-02-22 00:08:09 INFO  ApacheHttpClient.sendEvent(529) - responseCode = 200
2020-02-22 00:09:09 INFO  ApacheHttpClient.sendEvent(529) - responseCode = 200
2020-02-22 00:10:09 INFO  ApacheHttpClient.sendEvent(529) - responseCode = 200
2020-02-22 00:10:19 INFO  ApacheHttpClient.getWebResourceAsStream(496) - responseCode = 200
2020-02-22 00:10:19 INFO  ApacheHttpClient.getTask(482) - responseCode = 200
2020-02-22 00:10:21 INFO  ApacheHttpClient.completed(28) - responseCode = 200
2020-02-22 00:10:21 INFO  ApacheHttpClient.getTask(482) - responseCode = 200
2020-02-22 00:10:22 INFO  ApacheHttpClient.getWebResourceAsStream(496) - responseCode = 200
2020-02-22 00:48:29 INFO  PluginTasksProjectComponent.projectClosing(188) - ---------- Project closed ----------

2020-02-22 00:48:32 INFO  ApacheHttpClient.getTask(482) - responseCode = 200
2020-02-22 00:48:33 INFO  ApacheHttpClient.getTask(482) - responseCode = 200
2020-02-22 00:48:33 INFO  ApacheHttpClient.getTask(482) - responseCode = 200
2020-02-22 19:40:54 INFO  PluginTasksProjectComponent.projectOpened(77) - ---------- Project opened ----------
2020-02-22 19:40:54 INFO  PluginTasksProjectComponent.projectOpened(78) - ---------- Version 3.38 ----------

2020-02-22 19:40:54 INFO  ApacheHttpClient.createAsyncHttpClient(145) - 1 proxies selected. Type: DIRECT
2020-02-22 19:40:55 INFO  ApacheHttpClient.<init>(96) - ApacheHttpClient was successfully instantiated.
2020-02-22 19:40:56 INFO  ApacheHttpClient.testConnection(204) - responseCode = 200
2020-02-22 19:40:56 INFO  ApacheHttpClient.testConnection(219) - result = true
2020-02-22 19:40:56 INFO  ApacheHttpClient.isSessionAppropriateWithSecretKey(596) - Waiting for server response.
2020-02-22 19:40:57 INFO  ApacheHttpClient.isSessionAppropriateWithSecretKey(596) - Waiting for server response.
2020-02-22 19:40:57 INFO  ApacheHttpClient.refreshUserInfo(304) - responseCode = 200
2020-02-22 19:40:57 INFO  ApacheHttpClient.refreshUserInfo(310) - User information received.
2020-02-22 19:40:57 INFO  ApacheHttpClient.startGA(35) - GAService started.
2020-02-22 19:40:58 INFO  AbstractRestApiClient.startService(71) - EventsService started.
2020-02-22 19:48:45 INFO  ApacheHttpClient.getWebResourceAsStream(496) - responseCode = 200
2020-02-22 19:48:58 INFO  ApacheHttpClient.sendEvent(529) - responseCode = 200
2020-02-22 19:49:58 INFO  ApacheHttpClient.sendEvent(529) - responseCode = 200
2020-02-22 19:50:58 INFO  ApacheHttpClient.sendEvent(529) - responseCode = 200
2020-02-22 19:51:58 INFO  ApacheHttpClient.sendEvent(529) - responseCode = 200
2020-02-22 19:52:58 INFO  ApacheHttpClient.sendEvent(529) - responseCode = 200
2020-02-22 20:01:05 INFO  PluginTasksProjectComponent.projectOpened(77) - ---------- Project opened ----------
2020-02-22 20:01:05 INFO  PluginTasksProjectComponent.projectOpened(78) - ---------- Version 3.38 ----------

2020-02-22 20:01:10 INFO  ApacheHttpClient.isSessionAppropriateWithSecretKey(596) - Waiting for server response.
2020-02-22 20:01:10 INFO  ApacheHttpClient.isSessionAppropriateWithSecretKey(596) - Waiting for server response.
2020-02-22 20:01:11 INFO  ApacheHttpClient.refreshUserInfo(304) - responseCode = 200
2020-02-22 20:01:11 INFO  ApacheHttpClient.refreshUserInfo(310) - User information received.
2020-02-22 20:01:11 INFO  ApacheHttpClient.startGA(35) - GAService started.
2020-02-22 20:01:11 INFO  AbstractRestApiClient.startService(71) - EventsService started.
2020-02-22 20:02:40 INFO  ApacheHttpClient.getWebResourceAsStream(496) - responseCode = 200
2020-02-22 20:02:42 INFO  ApacheHttpClient.completed(28) - responseCode = 400
2020-02-22 20:02:42 INFO  ApacheHttpClient.getTask(482) - responseCode = 200
2020-02-22 20:02:43 WARN  TaskCompleted.run(70) - You already completed this task: "Użyj klawiatury, aby wprowadzić trzy liczby całkowite. Wyświetl liczbę liczb dodatnich i liczbę liczb ujemnych w podanym zestawie w następującej formie:"
2020-02-22 20:02:45 INFO  ApacheHttpClient.getWebResourceAsStream(496) - responseCode = 200
2020-02-22 20:03:05 INFO  PluginTasksProjectComponent.projectClosing(188) - ---------- Project closed ----------

2020-02-22 20:03:11 INFO  ApacheHttpClient.sendEvent(529) - responseCode = 200
2020-02-22 20:04:05 INFO  ApacheHttpClient.getWebResourceAsStream(496) - responseCode = 200
2020-02-22 20:04:06 INFO  ApacheHttpClient.getFilteredTasks(335) - responseCode = 200
2020-02-22 20:04:11 INFO  ApacheHttpClient.sendEvent(529) - responseCode = 200
2020-02-22 20:05:11 INFO  ApacheHttpClient.sendEvent(529) - responseCode = 200
2020-02-22 20:06:11 INFO  ApacheHttpClient.sendEvent(529) - responseCode = 200
2020-02-22 20:07:11 INFO  ApacheHttpClient.sendEvent(529) - responseCode = 200
2020-02-22 20:08:11 INFO  ApacheHttpClient.sendEvent(529) - responseCode = 200
2020-02-22 20:09:11 INFO  ApacheHttpClient.sendEvent(529) - responseCode = 200
2020-02-22 20:10:11 INFO  ApacheHttpClient.sendEvent(529) - responseCode = 200
2020-02-22 20:11:11 INFO  ApacheHttpClient.sendEvent(529) - responseCode = 200
2020-02-22 20:12:11 INFO  ApacheHttpClient.sendEvent(529) - responseCode = 200
2020-02-22 20:13:11 INFO  ApacheHttpClient.sendEvent(529) - responseCode = 200
2020-02-22 20:14:16 ERROR ApacheHttpClient.processExceptionSendEvent(109) - (super) : Error while sending the event to the server.
2020-02-22 20:15:11 INFO  ApacheHttpClient.sendEvent(529) - responseCode = 200
2020-02-22 20:16:11 INFO  ApacheHttpClient.sendEvent(529) - responseCode = 200
2020-02-22 20:17:11 INFO  ApacheHttpClient.sendEvent(529) - responseCode = 200
2020-02-22 20:18:11 INFO  ApacheHttpClient.sendEvent(529) - responseCode = 200
2020-02-22 20:19:11 INFO  ApacheHttpClient.sendEvent(529) - responseCode = 200
2020-02-22 20:20:11 INFO  ApacheHttpClient.sendEvent(529) - responseCode = 200
2020-02-22 20:21:11 INFO  ApacheHttpClient.sendEvent(529) - responseCode = 200
2020-02-22 20:22:11 INFO  ApacheHttpClient.sendEvent(529) - responseCode = 200
2020-02-22 20:23:11 INFO  ApacheHttpClient.sendEvent(529) - responseCode = 200
2020-02-22 20:24:11 INFO  ApacheHttpClient.sendEvent(529) - responseCode = 200
2020-02-22 20:25:11 INFO  ApacheHttpClient.sendEvent(529) - responseCode = 200
2020-02-22 20:26:11 INFO  ApacheHttpClient.sendEvent(529) - responseCode = 200
2020-02-22 20:27:11 INFO  ApacheHttpClient.sendEvent(529) - responseCode = 200
2020-02-22 20:28:11 INFO  ApacheHttpClient.sendEvent(529) - responseCode = 200
2020-02-22 20:29:11 INFO  ApacheHttpClient.sendEvent(529) - responseCode = 200
2020-02-22 20:30:11 INFO  ApacheHttpClient.sendEvent(529) - responseCode = 200
2020-02-22 20:31:11 INFO  ApacheHttpClient.sendEvent(529) - responseCode = 200
2020-02-22 20:32:11 INFO  ApacheHttpClient.sendEvent(529) - responseCode = 200
2020-02-22 20:33:11 INFO  ApacheHttpClient.sendEvent(529) - responseCode = 200
2020-02-22 20:34:11 INFO  ApacheHttpClient.sendEvent(529) - responseCode = 200
2020-02-22 20:35:11 INFO  ApacheHttpClient.sendEvent(529) - responseCode = 200
2020-02-22 20:36:11 INFO  ApacheHttpClient.sendEvent(529) - responseCode = 200
2020-02-22 20:37:11 INFO  ApacheHttpClient.sendEvent(529) - responseCode = 200
2020-02-22 20:38:11 INFO  ApacheHttpClient.sendEvent(529) - responseCode = 200
2020-02-22 20:39:11 INFO  ApacheHttpClient.sendEvent(529) - responseCode = 200
2020-02-22 20:40:11 INFO  ApacheHttpClient.sendEvent(529) - responseCode = 200
2020-02-22 20:41:11 INFO  ApacheHttpClient.sendEvent(529) - responseCode = 200
2020-02-22 20:42:11 INFO  ApacheHttpClient.sendEvent(529) - responseCode = 200
2020-02-22 20:43:11 INFO  ApacheHttpClient.sendEvent(529) - responseCode = 200
2020-02-22 20:44:11 INFO  ApacheHttpClient.sendEvent(529) - responseCode = 200
2020-02-22 20:45:11 INFO  ApacheHttpClient.sendEvent(529) - responseCode = 200
2020-02-22 20:46:23 INFO  ApacheHttpClient.sendEvent(529) - responseCode = 200
2020-02-22 20:47:11 INFO  ApacheHttpClient.sendEvent(529) - responseCode = 200
2020-02-22 20:48:11 INFO  ApacheHttpClient.sendEvent(529) - responseCode = 200
2020-02-22 20:49:11 INFO  ApacheHttpClient.sendEvent(529) - responseCode = 200
2020-02-22 20:50:11 INFO  ApacheHttpClient.sendEvent(529) - responseCode = 200
2020-02-22 20:51:11 INFO  ApacheHttpClient.sendEvent(529) - responseCode = 200
2020-02-22 20:52:11 INFO  ApacheHttpClient.sendEvent(529) - responseCode = 200
2020-02-22 20:53:11 INFO  ApacheHttpClient.sendEvent(529) - responseCode = 200
2020-02-22 20:54:11 INFO  ApacheHttpClient.sendEvent(529) - responseCode = 200
2020-02-22 23:13:22 INFO  ApacheHttpClient.sendEvent(529) - responseCode = 200
2020-02-22 23:13:22 INFO  ApacheHttpClient.sendEvent(529) - responseCode = 200
2020-02-22 23:13:23 INFO  ApacheHttpClient.sendEvent(529) - responseCode = 200
2020-02-22 23:13:23 INFO  ApacheHttpClient.sendEvent(529) - responseCode = 200
2020-02-22 23:13:23 INFO  ApacheHttpClient.sendEvent(529) - responseCode = 200
2020-02-22 23:13:23 INFO  ApacheHttpClient.sendEvent(529) - responseCode = 200
2020-02-22 23:13:23 INFO  ApacheHttpClient.sendEvent(529) - responseCode = 200
2020-02-22 23:13:23 INFO  ApacheHttpClient.sendEvent(529) - responseCode = 200
2020-02-22 23:13:24 INFO  ApacheHttpClient.sendEvent(529) - responseCode = 200
2020-02-22 23:13:24 INFO  ApacheHttpClient.sendEvent(529) - responseCode = 200
2020-02-22 23:13:24 INFO  ApacheHttpClient.sendEvent(529) - responseCode = 200
2020-02-22 23:13:24 INFO  ApacheHttpClient.sendEvent(529) - responseCode = 200
2020-02-22 23:13:24 INFO  ApacheHttpClient.sendEvent(529) - responseCode = 200
2020-02-22 23:13:24 INFO  ApacheHttpClient.sendEvent(529) - responseCode = 200
2020-02-22 23:13:25 INFO  ApacheHttpClient.sendEvent(529) - responseCode = 200
2020-02-22 23:13:25 INFO  ApacheHttpClient.sendEvent(529) - responseCode = 200
2020-02-22 23:13:25 INFO  ApacheHttpClient.sendEvent(529) - responseCode = 200
2020-02-22 23:13:25 INFO  ApacheHttpClient.sendEvent(529) - responseCode = 200
2020-02-22 23:13:25 INFO  ApacheHttpClient.sendEvent(529) - responseCode = 200
2020-02-22 23:13:25 INFO  ApacheHttpClient.sendEvent(529) - responseCode = 200
2020-02-22 23:13:26 INFO  ApacheHttpClient.sendEvent(529) - responseCode = 200
2020-02-22 23:13:26 INFO  ApacheHttpClient.sendEvent(529) - responseCode = 200
2020-02-22 23:13:26 INFO  ApacheHttpClient.sendEvent(529) - responseCode = 200
2020-02-22 23:13:26 INFO  ApacheHttpClient.sendEvent(529) - responseCode = 200
2020-02-22 23:13:26 INFO  ApacheHttpClient.sendEvent(529) - responseCode = 200
2020-02-22 23:13:26 INFO  ApacheHttpClient.sendEvent(529) - responseCode = 200
2020-02-22 23:13:27 INFO  ApacheHttpClient.sendEvent(529) - responseCode = 200
2020-02-22 23:13:27 INFO  ApacheHttpClient.sendEvent(529) - responseCode = 200
2020-02-22 23:13:27 INFO  ApacheHttpClient.sendEvent(529) - responseCode = 200
2020-02-22 23:13:27 INFO  ApacheHttpClient.sendEvent(529) - responseCode = 200
2020-02-22 23:13:27 INFO  ApacheHttpClient.sendEvent(529) - responseCode = 200
2020-02-22 23:13:27 INFO  ApacheHttpClient.sendEvent(529) - responseCode = 200
2020-02-22 23:13:28 INFO  ApacheHttpClient.sendEvent(529) - responseCode = 200
2020-02-22 23:13:28 INFO  ApacheHttpClient.sendEvent(529) - responseCode = 200
2020-02-22 23:13:28 INFO  ApacheHttpClient.sendEvent(529) - responseCode = 200
2020-02-22 23:13:28 INFO  ApacheHttpClient.sendEvent(529) - responseCode = 200
2020-02-22 23:13:28 INFO  ApacheHttpClient.sendEvent(529) - responseCode = 200
2020-02-22 23:13:28 INFO  ApacheHttpClient.sendEvent(529) - responseCode = 200
2020-02-22 23:13:29 INFO  ApacheHttpClient.sendEvent(529) - responseCode = 200
2020-02-22 23:13:29 INFO  ApacheHttpClient.sendEvent(529) - responseCode = 200
2020-02-22 23:13:29 INFO  ApacheHttpClient.sendEvent(529) - responseCode = 200
2020-02-22 23:13:29 INFO  ApacheHttpClient.sendEvent(529) - responseCode = 200
2020-02-22 23:13:29 INFO  ApacheHttpClient.sendEvent(529) - responseCode = 200
2020-02-22 23:13:29 INFO  ApacheHttpClient.sendEvent(529) - responseCode = 200
2020-02-22 23:13:29 INFO  ApacheHttpClient.sendEvent(529) - responseCode = 200
2020-02-22 23:13:30 INFO  ApacheHttpClient.sendEvent(529) - responseCode = 200
2020-02-22 23:13:30 INFO  ApacheHttpClient.sendEvent(529) - responseCode = 200
2020-02-22 23:13:30 INFO  ApacheHttpClient.sendEvent(529) - responseCode = 200
2020-02-22 23:13:30 INFO  ApacheHttpClient.sendEvent(529) - responseCode = 200
2020-02-22 23:13:30 INFO  ApacheHttpClient.sendEvent(529) - responseCode = 200
2020-02-22 23:13:30 INFO  ApacheHttpClient.sendEvent(529) - responseCode = 200
2020-02-22 23:13:31 INFO  ApacheHttpClient.sendEvent(529) - responseCode = 200
2020-02-22 23:13:31 INFO  ApacheHttpClient.sendEvent(529) - responseCode = 200
2020-02-22 23:13:31 INFO  ApacheHttpClient.sendEvent(529) - responseCode = 200
2020-02-22 23:13:31 INFO  ApacheHttpClient.sendEvent(529) - responseCode = 200
2020-02-22 23:13:31 INFO  ApacheHttpClient.sendEvent(529) - responseCode = 200
2020-02-22 23:13:31 INFO  ApacheHttpClient.sendEvent(529) - responseCode = 200
2020-02-22 23:13:32 INFO  ApacheHttpClient.sendEvent(529) - responseCode = 200
2020-02-22 23:13:32 INFO  ApacheHttpClient.sendEvent(529) - responseCode = 200
2020-02-22 23:13:32 INFO  ApacheHttpClient.sendEvent(529) - responseCode = 200
2020-02-22 23:13:32 INFO  ApacheHttpClient.sendEvent(529) - responseCode = 200
2020-02-22 23:13:32 INFO  ApacheHttpClient.sendEvent(529) - responseCode = 200
2020-02-22 23:13:32 INFO  ApacheHttpClient.sendEvent(529) - responseCode = 200
2020-02-22 23:13:33 INFO  ApacheHttpClient.sendEvent(529) - responseCode = 200
2020-02-22 23:13:33 INFO  ApacheHttpClient.sendEvent(529) - responseCode = 200
2020-02-22 23:13:33 INFO  ApacheHttpClient.sendEvent(529) - responseCode = 200
2020-02-22 23:13:33 INFO  ApacheHttpClient.sendEvent(529) - responseCode = 200
2020-02-22 23:13:33 INFO  ApacheHttpClient.sendEvent(529) - responseCode = 200
2020-02-22 23:13:33 INFO  ApacheHttpClient.sendEvent(529) - responseCode = 200
2020-02-22 23:13:34 INFO  ApacheHttpClient.sendEvent(529) - responseCode = 200
2020-02-22 23:13:34 INFO  ApacheHttpClient.sendEvent(529) - responseCode = 200
2020-02-22 23:13:34 INFO  ApacheHttpClient.sendEvent(529) - responseCode = 200
2020-02-22 23:13:34 INFO  ApacheHttpClient.sendEvent(529) - responseCode = 200
2020-02-22 23:13:34 INFO  ApacheHttpClient.sendEvent(529) - responseCode = 200
2020-02-22 23:13:34 INFO  ApacheHttpClient.sendEvent(529) - responseCode = 200
2020-02-22 23:13:35 INFO  ApacheHttpClient.sendEvent(529) - responseCode = 200
2020-02-22 23:13:35 INFO  ApacheHttpClient.sendEvent(529) - responseCode = 200
2020-02-22 23:13:35 INFO  ApacheHttpClient.sendEvent(529) - responseCode = 200
2020-02-22 23:13:35 INFO  ApacheHttpClient.sendEvent(529) - responseCode = 200
2020-02-22 23:13:35 INFO  ApacheHttpClient.sendEvent(529) - responseCode = 200
2020-02-22 23:13:35 INFO  ApacheHttpClient.sendEvent(529) - responseCode = 200
2020-02-22 23:13:36 INFO  ApacheHttpClient.sendEvent(529) - responseCode = 200
2020-02-22 23:13:36 INFO  ApacheHttpClient.sendEvent(529) - responseCode = 200
2020-02-22 23:13:36 INFO  ApacheHttpClient.sendEvent(529) - responseCode = 200
2020-02-22 23:13:36 INFO  ApacheHttpClient.sendEvent(529) - responseCode = 200
2020-02-22 23:13:36 INFO  ApacheHttpClient.sendEvent(529) - responseCode = 200
2020-02-22 23:13:36 INFO  ApacheHttpClient.sendEvent(529) - responseCode = 200
2020-02-22 23:13:37 INFO  ApacheHttpClient.sendEvent(529) - responseCode = 200
2020-02-22 23:13:37 INFO  ApacheHttpClient.sendEvent(529) - responseCode = 200
2020-02-22 23:13:37 INFO  ApacheHttpClient.sendEvent(529) - responseCode = 200
2020-02-22 23:13:37 INFO  ApacheHttpClient.sendEvent(529) - responseCode = 200
2020-02-22 23:13:37 INFO  ApacheHttpClient.sendEvent(529) - responseCode = 200
2020-02-22 23:13:37 INFO  ApacheHttpClient.sendEvent(529) - responseCode = 200
2020-02-22 23:13:38 INFO  ApacheHttpClient.sendEvent(529) - responseCode = 200
2020-02-22 23:13:38 INFO  ApacheHttpClient.sendEvent(529) - responseCode = 200
2020-02-22 23:13:38 INFO  ApacheHttpClient.sendEvent(529) - responseCode = 200
2020-02-22 23:13:38 INFO  ApacheHttpClient.sendEvent(529) - responseCode = 200
2020-02-22 23:13:38 INFO  ApacheHttpClient.sendEvent(529) - responseCode = 200
2020-02-22 23:13:38 INFO  ApacheHttpClient.sendEvent(529) - responseCode = 200
2020-02-22 23:13:39 INFO  ApacheHttpClient.sendEvent(529) - responseCode = 200
2020-02-22 23:13:39 INFO  ApacheHttpClient.sendEvent(529) - responseCode = 200
2020-02-22 23:13:39 INFO  ApacheHttpClient.sendEvent(529) - responseCode = 200
2020-02-22 23:13:39 INFO  ApacheHttpClient.sendEvent(529) - responseCode = 200
2020-02-22 23:13:39 INFO  ApacheHttpClient.sendEvent(529) - responseCode = 200
2020-02-22 23:13:39 INFO  ApacheHttpClient.sendEvent(529) - responseCode = 200
2020-02-22 23:13:40 INFO  ApacheHttpClient.sendEvent(529) - responseCode = 200
2020-02-22 23:13:40 INFO  ApacheHttpClient.sendEvent(529) - responseCode = 200
2020-02-22 23:13:40 INFO  ApacheHttpClient.sendEvent(529) - responseCode = 200
2020-02-22 23:13:40 INFO  ApacheHttpClient.sendEvent(529) - responseCode = 200
2020-02-22 23:13:40 INFO  ApacheHttpClient.sendEvent(529) - responseCode = 200
2020-02-22 23:13:40 INFO  ApacheHttpClient.sendEvent(529) - responseCode = 200
2020-02-22 23:13:41 INFO  ApacheHttpClient.sendEvent(529) - responseCode = 200
2020-02-22 23:13:41 INFO  ApacheHttpClient.sendEvent(529) - responseCode = 200
2020-02-22 23:13:41 INFO  ApacheHttpClient.sendEvent(529) - responseCode = 200
2020-02-22 23:13:41 INFO  ApacheHttpClient.sendEvent(529) - responseCode = 200
2020-02-22 23:13:41 INFO  ApacheHttpClient.sendEvent(529) - responseCode = 200
2020-02-22 23:13:41 INFO  ApacheHttpClient.sendEvent(529) - responseCode = 200
2020-02-22 23:13:42 INFO  ApacheHttpClient.sendEvent(529) - responseCode = 200
2020-02-22 23:13:42 INFO  ApacheHttpClient.sendEvent(529) - responseCode = 200
2020-02-22 23:13:42 INFO  ApacheHttpClient.sendEvent(529) - responseCode = 200
2020-02-22 23:13:42 INFO  ApacheHttpClient.sendEvent(529) - responseCode = 200
2020-02-22 23:13:42 INFO  ApacheHttpClient.sendEvent(529) - responseCode = 200
2020-02-22 23:13:42 INFO  ApacheHttpClient.sendEvent(529) - responseCode = 200
2020-02-22 23:13:42 INFO  ApacheHttpClient.sendEvent(529) - responseCode = 200
2020-02-22 23:13:43 INFO  ApacheHttpClient.sendEvent(529) - responseCode = 200
2020-02-22 23:13:43 INFO  ApacheHttpClient.sendEvent(529) - responseCode = 200
2020-02-22 23:13:43 INFO  ApacheHttpClient.sendEvent(529) - responseCode = 200
2020-02-22 23:13:43 INFO  ApacheHttpClient.sendEvent(529) - responseCode = 200
2020-02-22 23:13:43 INFO  ApacheHttpClient.sendEvent(529) - responseCode = 200
2020-02-22 23:13:43 INFO  ApacheHttpClient.sendEvent(529) - responseCode = 200
2020-02-22 23:13:44 INFO  ApacheHttpClient.sendEvent(529) - responseCode = 200
2020-02-22 23:13:44 INFO  ApacheHttpClient.sendEvent(529) - responseCode = 200
2020-02-22 23:13:44 INFO  ApacheHttpClient.sendEvent(529) - responseCode = 200
2020-02-22 23:13:44 INFO  ApacheHttpClient.sendEvent(529) - responseCode = 200
2020-02-22 23:13:44 INFO  ApacheHttpClient.sendEvent(529) - responseCode = 200
2020-02-22 23:13:44 INFO  ApacheHttpClient.sendEvent(529) - responseCode = 200
2020-02-22 23:13:45 INFO  ApacheHttpClient.sendEvent(529) - responseCode = 200
2020-02-22 23:13:45 INFO  ApacheHttpClient.sendEvent(529) - responseCode = 200
2020-02-22 23:13:45 INFO  ApacheHttpClient.sendEvent(529) - responseCode = 200
2020-02-22 23:14:11 INFO  ApacheHttpClient.sendEvent(529) - responseCode = 200
2020-02-22 23:15:11 INFO  ApacheHttpClient.sendEvent(529) - responseCode = 200
2020-02-22 23:16:11 INFO  ApacheHttpClient.sendEvent(529) - responseCode = 200
2020-02-22 23:17:11 INFO  ApacheHttpClient.sendEvent(529) - responseCode = 200
2020-02-22 23:18:11 INFO  ApacheHttpClient.sendEvent(529) - responseCode = 200
2020-02-22 23:19:12 INFO  ApacheHttpClient.sendEvent(529) - responseCode = 200
2020-02-22 23:20:11 INFO  ApacheHttpClient.sendEvent(529) - responseCode = 200
2020-02-22 23:21:11 INFO  ApacheHttpClient.sendEvent(529) - responseCode = 200
2020-02-22 23:22:11 INFO  ApacheHttpClient.sendEvent(529) - responseCode = 200
2020-02-22 23:23:11 INFO  ApacheHttpClient.sendEvent(529) - responseCode = 200
2020-02-22 23:24:11 INFO  ApacheHttpClient.sendEvent(529) - responseCode = 200
2020-02-22 23:25:10 INFO  ApacheHttpClient.getWebResourceAsStream(496) - responseCode = 200
2020-02-22 23:25:11 INFO  ApacheHttpClient.getFilteredTasks(335) - responseCode = 200
2020-02-22 23:25:21 INFO  ApacheHttpClient.getTaskTemplateInfo(352) - responseCode = 200
2020-02-22 23:25:22 INFO  ApacheHttpClient.getWebResourceAsStream(496) - responseCode = 200
2020-02-22 23:26:11 INFO  ApacheHttpClient.sendEvent(529) - responseCode = 200
2020-02-22 23:27:11 INFO  ApacheHttpClient.sendEvent(529) - responseCode = 200
2020-02-22 23:28:11 INFO  ApacheHttpClient.sendEvent(529) - responseCode = 200
2020-02-22 23:29:11 INFO  ApacheHttpClient.sendEvent(529) - responseCode = 200
2020-02-22 23:29:31 INFO  ApacheHttpClient.getWebResourceAsStream(496) - responseCode = 200
2020-02-22 23:29:32 INFO  ApacheHttpClient.getTask(482) - responseCode = 200
2020-02-22 23:29:32 INFO  ApacheHttpClient.getWebResourceAsStream(496) - responseCode = 200
2020-02-22 23:29:33 INFO  ApacheHttpClient.completed(28) - responseCode = 200
2020-02-22 23:29:33 INFO  ApacheHttpClient.getTask(482) - responseCode = 200
2020-02-22 23:31:06 INFO  ApacheHttpClient.getWebResourceAsStream(496) - responseCode = 200
2020-02-22 23:31:06 INFO  ApacheHttpClient.getFilteredTasks(335) - responseCode = 200
2020-02-22 23:31:14 INFO  ApacheHttpClient.getTaskTemplateInfo(352) - responseCode = 200
2020-02-22 23:31:16 INFO  ApacheHttpClient.getWebResourceAsStream(496) - responseCode = 200
2020-02-22 23:32:11 INFO  ApacheHttpClient.sendEvent(529) - responseCode = 200
2020-02-22 23:32:55 INFO  ApacheHttpClient.getWebResourceAsStream(496) - responseCode = 200
2020-02-22 23:33:11 INFO  ApacheHttpClient.sendEvent(529) - responseCode = 200
2020-02-22 23:34:11 INFO  ApacheHttpClient.sendEvent(529) - responseCode = 200
2020-02-22 23:35:11 INFO  ApacheHttpClient.sendEvent(529) - responseCode = 200
2020-02-22 23:36:11 INFO  ApacheHttpClient.sendEvent(529) - responseCode = 200
2020-02-22 23:37:11 INFO  ApacheHttpClient.sendEvent(529) - responseCode = 200
2020-02-22 23:38:11 INFO  ApacheHttpClient.sendEvent(529) - responseCode = 200
2020-02-22 23:39:11 INFO  ApacheHttpClient.sendEvent(529) - responseCode = 200
2020-02-22 23:40:11 INFO  ApacheHttpClient.sendEvent(529) - responseCode = 200
2020-02-22 23:41:11 INFO  ApacheHttpClient.sendEvent(529) - responseCode = 200
2020-02-22 23:42:11 INFO  ApacheHttpClient.sendEvent(529) - responseCode = 200
2020-02-22 23:43:11 INFO  ApacheHttpClient.sendEvent(529) - responseCode = 200
2020-02-22 23:44:11 INFO  ApacheHttpClient.sendEvent(529) - responseCode = 200
2020-02-22 23:45:11 INFO  ApacheHttpClient.sendEvent(529) - responseCode = 200
2020-02-22 23:46:11 INFO  ApacheHttpClient.sendEvent(529) - responseCode = 200
2020-02-22 23:47:11 INFO  ApacheHttpClient.sendEvent(529) - responseCode = 200
2020-02-22 23:48:11 INFO  ApacheHttpClient.sendEvent(529) - responseCode = 200
2020-02-22 23:49:11 INFO  ApacheHttpClient.sendEvent(529) - responseCode = 200
2020-02-22 23:50:11 INFO  ApacheHttpClient.sendEvent(529) - responseCode = 200
2020-02-22 23:51:11 INFO  ApacheHttpClient.sendEvent(529) - responseCode = 200
2020-02-22 23:52:11 INFO  ApacheHttpClient.sendEvent(529) - responseCode = 200
2020-02-22 23:53:11 INFO  ApacheHttpClient.sendEvent(529) - responseCode = 200
2020-02-22 23:54:11 INFO  ApacheHttpClient.sendEvent(529) - responseCode = 200
2020-02-22 23:55:11 INFO  ApacheHttpClient.sendEvent(529) - responseCode = 200
2020-02-22 23:56:11 INFO  ApacheHttpClient.sendEvent(529) - responseCode = 200
2020-02-22 23:57:11 INFO  ApacheHttpClient.sendEvent(529) - responseCode = 200
2020-02-22 23:58:11 INFO  ApacheHttpClient.sendEvent(529) - responseCode = 200
2020-02-22 23:59:11 INFO  ApacheHttpClient.sendEvent(529) - responseCode = 200
2020-02-23 00:00:11 INFO  ApacheHttpClient.sendEvent(529) - responseCode = 200
2020-02-23 00:01:11 INFO  ApacheHttpClient.sendEvent(529) - responseCode = 200
2020-02-23 00:02:11 INFO  ApacheHttpClient.sendEvent(529) - responseCode = 200
2020-02-23 00:03:11 INFO  ApacheHttpClient.sendEvent(529) - responseCode = 200
2020-02-23 00:04:11 INFO  ApacheHttpClient.sendEvent(529) - responseCode = 200
2020-02-23 00:05:11 INFO  ApacheHttpClient.sendEvent(529) - responseCode = 200
2020-02-23 00:06:11 INFO  ApacheHttpClient.sendEvent(529) - responseCode = 200
2020-02-23 00:07:11 INFO  ApacheHttpClient.sendEvent(529) - responseCode = 200
2020-02-23 00:08:11 INFO  ApacheHttpClient.sendEvent(529) - responseCode = 200
2020-02-23 00:09:11 INFO  ApacheHttpClient.sendEvent(529) - responseCode = 200
2020-02-23 00:10:11 INFO  ApacheHttpClient.sendEvent(529) - responseCode = 200
2020-02-23 00:11:10 INFO  ApacheHttpClient.getWebResourceAsStream(496) - responseCode = 200
2020-02-23 00:11:10 INFO  ApacheHttpClient.getTask(482) - responseCode = 200
2020-02-23 00:11:11 INFO  ApacheHttpClient.getWebResourceAsStream(496) - responseCode = 200
2020-02-23 00:11:11 INFO  ApacheHttpClient.sendEvent(529) - responseCode = 200
2020-02-23 00:11:11 INFO  ApacheHttpClient.completed(28) - responseCode = 200
2020-02-23 00:12:11 INFO  ApacheHttpClient.sendEvent(529) - responseCode = 200
2020-02-23 00:13:11 INFO  ApacheHttpClient.sendEvent(529) - responseCode = 200
2020-02-23 00:14:11 INFO  ApacheHttpClient.sendEvent(529) - responseCode = 200
2020-02-23 00:15:11 INFO  ApacheHttpClient.sendEvent(529) - responseCode = 200
2020-02-23 00:16:11 INFO  ApacheHttpClient.sendEvent(529) - responseCode = 200
2020-02-23 00:17:11 INFO  ApacheHttpClient.sendEvent(529) - responseCode = 200
2020-02-23 00:18:11 INFO  ApacheHttpClient.sendEvent(529) - responseCode = 200
2020-02-23 00:19:11 INFO  ApacheHttpClient.sendEvent(529) - responseCode = 200
2020-02-23 00:20:11 INFO  ApacheHttpClient.sendEvent(529) - responseCode = 200
2020-02-23 00:21:11 INFO  ApacheHttpClient.sendEvent(529) - responseCode = 200
2020-02-23 00:22:11 INFO  ApacheHttpClient.sendEvent(529) - responseCode = 200
2020-02-23 00:23:11 INFO  ApacheHttpClient.sendEvent(529) - responseCode = 200
2020-02-23 00:24:11 INFO  ApacheHttpClient.sendEvent(529) - responseCode = 200
2020-02-23 00:25:11 INFO  ApacheHttpClient.sendEvent(529) - responseCode = 200
2020-02-23 00:26:11 INFO  ApacheHttpClient.sendEvent(529) - responseCode = 200
2020-02-23 00:27:11 INFO  ApacheHttpClient.sendEvent(529) - responseCode = 200
2020-02-23 00:27:17 INFO  ApacheHttpClient.getWebResourceAsStream(496) - responseCode = 200
2020-02-23 00:27:17 INFO  ApacheHttpClient.getTask(482) - responseCode = 200
2020-02-23 00:27:17 INFO  ApacheHttpClient.getWebResourceAsStream(496) - responseCode = 200
2020-02-23 00:27:19 INFO  ApacheHttpClient.completed(28) - responseCode = 200
2020-02-23 00:27:19 INFO  ApacheHttpClient.getTask(482) - responseCode = 200
2020-02-23 00:27:56 INFO  PluginTasksProjectComponent.projectOpened(77) - ---------- Project opened ----------
2020-02-23 00:27:56 INFO  PluginTasksProjectComponent.projectOpened(78) - ---------- Version 3.38 ----------

2020-02-23 00:28:00 INFO  ApacheHttpClient.isSessionAppropriateWithSecretKey(596) - Waiting for server response.
2020-02-23 00:28:00 INFO  ApacheHttpClient.isSessionAppropriateWithSecretKey(596) - Waiting for server response.
2020-02-23 00:28:01 INFO  ApacheHttpClient.refreshUserInfo(304) - responseCode = 200
2020-02-23 00:28:01 INFO  ApacheHttpClient.refreshUserInfo(310) - User information received.
2020-02-23 00:28:01 INFO  ApacheHttpClient.startGA(35) - GAService started.
2020-02-23 00:28:01 INFO  AbstractRestApiClient.startService(71) - EventsService started.
2020-02-23 00:28:11 INFO  ApacheHttpClient.sendEvent(529) - responseCode = 200
2020-02-23 00:29:11 INFO  ApacheHttpClient.sendEvent(529) - responseCode = 200
2020-02-23 00:29:42 INFO  PluginTasksProjectComponent.projectClosing(188) - ---------- Project closed ----------

2020-02-23 00:34:11 INFO  ApacheHttpClient.sendEvent(529) - responseCode = 200
2020-02-23 00:34:11 INFO  ApacheHttpClient.sendEvent(529) - responseCode = 200
2020-02-23 00:34:19 INFO  ApacheHttpClient.getWebResourceAsStream(496) - responseCode = 200
2020-02-23 00:35:11 INFO  ApacheHttpClient.sendEvent(529) - responseCode = 200
2020-02-23 00:35:11 INFO  ApacheHttpClient.sendEvent(529) - responseCode = 200
2020-02-23 00:35:11 INFO  ApacheHttpClient.sendEvent(529) - responseCode = 200
2020-02-23 00:35:11 INFO  ApacheHttpClient.sendEvent(529) - responseCode = 200
2020-02-23 00:35:11 INFO  ApacheHttpClient.sendEvent(529) - responseCode = 200
